{"/Users/kailenmitchell/Desktop/IX class/IX Course/blog-app/backend/src/controllers/blogs.js": {"path":"/Users/kailenmitchell/Desktop/IX class/IX Course/blog-app/backend/src/controllers/blogs.js","statementMap":{"0":{"start":{"line":1,"column":13},"end":{"line":1,"column":38}},"1":{"start":{"line":3,"column":20},"end":{"line":32,"column":1}},"2":{"start":{"line":4,"column":2},"end":{"line":31,"column":3}},"3":{"start":{"line":5,"column":4},"end":{"line":5,"column":26}},"4":{"start":{"line":7,"column":17},"end":{"line":16,"column":6}},"5":{"start":{"line":15,"column":64},"end":{"line":15,"column":68}},"6":{"start":{"line":17,"column":4},"end":{"line":17,"column":28}},"7":{"start":{"line":18,"column":20},"end":{"line":18,"column":37}},"8":{"start":{"line":20,"column":20},"end":{"line":23,"column":32}},"9":{"start":{"line":25,"column":4},"end":{"line":28,"column":7}},"10":{"start":{"line":30,"column":4},"end":{"line":30,"column":61}},"11":{"start":{"line":34,"column":17},"end":{"line":46,"column":1}},"12":{"start":{"line":35,"column":2},"end":{"line":45,"column":3}},"13":{"start":{"line":36,"column":18},"end":{"line":36,"column":35}},"14":{"start":{"line":37,"column":4},"end":{"line":37,"column":20}},"15":{"start":{"line":38,"column":4},"end":{"line":41,"column":7}},"16":{"start":{"line":43,"column":4},"end":{"line":43,"column":20}},"17":{"start":{"line":44,"column":4},"end":{"line":44,"column":51}},"18":{"start":{"line":48,"column":20},"end":{"line":62,"column":1}},"19":{"start":{"line":49,"column":2},"end":{"line":61,"column":3}},"20":{"start":{"line":51,"column":17},"end":{"line":53,"column":34}},"21":{"start":{"line":54,"column":4},"end":{"line":58,"column":5}},"22":{"start":{"line":55,"column":6},"end":{"line":55,"column":74}},"23":{"start":{"line":57,"column":6},"end":{"line":57,"column":69}},"24":{"start":{"line":60,"column":4},"end":{"line":60,"column":63}},"25":{"start":{"line":64,"column":29},"end":{"line":81,"column":1}},"26":{"start":{"line":65,"column":2},"end":{"line":80,"column":3}},"27":{"start":{"line":67,"column":17},"end":{"line":67,"column":19}},"28":{"start":{"line":68,"column":4},"end":{"line":70,"column":5}},"29":{"start":{"line":69,"column":6},"end":{"line":69,"column":46}},"30":{"start":{"line":71,"column":18},"end":{"line":73,"column":34}},"31":{"start":{"line":74,"column":4},"end":{"line":77,"column":7}},"32":{"start":{"line":79,"column":4},"end":{"line":79,"column":63}},"33":{"start":{"line":83,"column":23},"end":{"line":112,"column":1}},"34":{"start":{"line":84,"column":2},"end":{"line":84,"column":24}},"35":{"start":{"line":85,"column":2},"end":{"line":111,"column":3}},"36":{"start":{"line":86,"column":17},"end":{"line":90,"column":37}},"37":{"start":{"line":91,"column":4},"end":{"line":108,"column":5}},"38":{"start":{"line":92,"column":26},"end":{"line":92,"column":76}},"39":{"start":{"line":92,"column":71},"end":{"line":92,"column":75}},"40":{"start":{"line":93,"column":6},"end":{"line":93,"column":59}},"41":{"start":{"line":94,"column":6},"end":{"line":94,"column":70}},"42":{"start":{"line":95,"column":6},"end":{"line":98,"column":54}},"43":{"start":{"line":99,"column":6},"end":{"line":99,"column":68}},"44":{"start":{"line":100,"column":6},"end":{"line":100,"column":84}},"45":{"start":{"line":101,"column":26},"end":{"line":101,"column":43}},"46":{"start":{"line":102,"column":22},"end":{"line":104,"column":8}},"47":{"start":{"line":105,"column":6},"end":{"line":105,"column":72}},"48":{"start":{"line":107,"column":6},"end":{"line":107,"column":69}},"49":{"start":{"line":110,"column":4},"end":{"line":110,"column":63}},"50":{"start":{"line":114,"column":23},"end":{"line":128,"column":1}},"51":{"start":{"line":115,"column":2},"end":{"line":115,"column":18}},"52":{"start":{"line":116,"column":2},"end":{"line":127,"column":3}},"53":{"start":{"line":117,"column":17},"end":{"line":117,"column":60}},"54":{"start":{"line":118,"column":4},"end":{"line":124,"column":5}},"55":{"start":{"line":119,"column":6},"end":{"line":121,"column":63}},"56":{"start":{"line":123,"column":6},"end":{"line":123,"column":66}},"57":{"start":{"line":126,"column":4},"end":{"line":126,"column":60}},"58":{"start":{"line":130,"column":27},"end":{"line":149,"column":1}},"59":{"start":{"line":131,"column":2},"end":{"line":148,"column":3}},"60":{"start":{"line":132,"column":4},"end":{"line":132,"column":31}},"61":{"start":{"line":133,"column":17},"end":{"line":133,"column":19}},"62":{"start":{"line":134,"column":4},"end":{"line":136,"column":5}},"63":{"start":{"line":135,"column":6},"end":{"line":135,"column":43}},"64":{"start":{"line":137,"column":18},"end":{"line":141,"column":37}},"65":{"start":{"line":142,"column":4},"end":{"line":145,"column":7}},"66":{"start":{"line":147,"column":4},"end":{"line":147,"column":63}},"67":{"start":{"line":152,"column":23},"end":{"line":160,"column":1}},"68":{"start":{"line":162,"column":0},"end":{"line":162,"column":32}}},"fnMap":{"0":{"name":"(anonymous_0)","decl":{"start":{"line":3,"column":20},"end":{"line":3,"column":21}},"loc":{"start":{"line":3,"column":40},"end":{"line":32,"column":1}},"line":3},"1":{"name":"(anonymous_1)","decl":{"start":{"line":15,"column":57},"end":{"line":15,"column":58}},"loc":{"start":{"line":15,"column":64},"end":{"line":15,"column":68}},"line":15},"2":{"name":"(anonymous_2)","decl":{"start":{"line":34,"column":17},"end":{"line":34,"column":18}},"loc":{"start":{"line":34,"column":37},"end":{"line":46,"column":1}},"line":34},"3":{"name":"(anonymous_3)","decl":{"start":{"line":48,"column":20},"end":{"line":48,"column":21}},"loc":{"start":{"line":48,"column":40},"end":{"line":62,"column":1}},"line":48},"4":{"name":"(anonymous_4)","decl":{"start":{"line":64,"column":29},"end":{"line":64,"column":30}},"loc":{"start":{"line":64,"column":49},"end":{"line":81,"column":1}},"line":64},"5":{"name":"(anonymous_5)","decl":{"start":{"line":83,"column":23},"end":{"line":83,"column":24}},"loc":{"start":{"line":83,"column":43},"end":{"line":112,"column":1}},"line":83},"6":{"name":"(anonymous_6)","decl":{"start":{"line":92,"column":64},"end":{"line":92,"column":65}},"loc":{"start":{"line":92,"column":71},"end":{"line":92,"column":75}},"line":92},"7":{"name":"(anonymous_7)","decl":{"start":{"line":114,"column":23},"end":{"line":114,"column":24}},"loc":{"start":{"line":114,"column":43},"end":{"line":128,"column":1}},"line":114},"8":{"name":"(anonymous_8)","decl":{"start":{"line":130,"column":27},"end":{"line":130,"column":28}},"loc":{"start":{"line":130,"column":47},"end":{"line":149,"column":1}},"line":130}},"branchMap":{"0":{"loc":{"start":{"line":10,"column":13},"end":{"line":12,"column":12}},"type":"cond-expr","locations":[{"start":{"line":11,"column":10},"end":{"line":11,"column":74}},{"start":{"line":12,"column":10},"end":{"line":12,"column":12}}],"line":10},"1":{"loc":{"start":{"line":54,"column":4},"end":{"line":58,"column":5}},"type":"if","locations":[{"start":{"line":54,"column":4},"end":{"line":58,"column":5}},{"start":{"line":56,"column":11},"end":{"line":58,"column":5}}],"line":54},"2":{"loc":{"start":{"line":68,"column":4},"end":{"line":70,"column":5}},"type":"if","locations":[{"start":{"line":68,"column":4},"end":{"line":70,"column":5}},{"start":{},"end":{}}],"line":68},"3":{"loc":{"start":{"line":68,"column":8},"end":{"line":68,"column":63}},"type":"binary-expr","locations":[{"start":{"line":68,"column":8},"end":{"line":68,"column":31}},{"start":{"line":68,"column":35},"end":{"line":68,"column":63}}],"line":68},"4":{"loc":{"start":{"line":91,"column":4},"end":{"line":108,"column":5}},"type":"if","locations":[{"start":{"line":91,"column":4},"end":{"line":108,"column":5}},{"start":{"line":106,"column":11},"end":{"line":108,"column":5}}],"line":91},"5":{"loc":{"start":{"line":93,"column":22},"end":{"line":93,"column":58}},"type":"binary-expr","locations":[{"start":{"line":93,"column":22},"end":{"line":93,"column":41}},{"start":{"line":93,"column":45},"end":{"line":93,"column":58}}],"line":93},"6":{"loc":{"start":{"line":94,"column":25},"end":{"line":94,"column":69}},"type":"cond-expr","locations":[{"start":{"line":94,"column":39},"end":{"line":94,"column":50}},{"start":{"line":94,"column":53},"end":{"line":94,"column":69}}],"line":94},"7":{"loc":{"start":{"line":95,"column":20},"end":{"line":97,"column":20}},"type":"cond-expr","locations":[{"start":{"line":96,"column":10},"end":{"line":96,"column":74}},{"start":{"line":97,"column":10},"end":{"line":97,"column":20}}],"line":95},"8":{"loc":{"start":{"line":98,"column":22},"end":{"line":98,"column":52}},"type":"binary-expr","locations":[{"start":{"line":98,"column":22},"end":{"line":98,"column":38}},{"start":{"line":98,"column":42},"end":{"line":98,"column":52}}],"line":98},"9":{"loc":{"start":{"line":99,"column":25},"end":{"line":99,"column":67}},"type":"binary-expr","locations":[{"start":{"line":99,"column":25},"end":{"line":99,"column":47}},{"start":{"line":99,"column":51},"end":{"line":99,"column":67}}],"line":99},"10":{"loc":{"start":{"line":100,"column":21},"end":{"line":100,"column":83}},"type":"cond-expr","locations":[{"start":{"line":100,"column":40},"end":{"line":100,"column":68}},{"start":{"line":100,"column":71},"end":{"line":100,"column":83}}],"line":100},"11":{"loc":{"start":{"line":118,"column":4},"end":{"line":124,"column":5}},"type":"if","locations":[{"start":{"line":118,"column":4},"end":{"line":124,"column":5}},{"start":{"line":122,"column":11},"end":{"line":124,"column":5}}],"line":118},"12":{"loc":{"start":{"line":134,"column":4},"end":{"line":136,"column":5}},"type":"if","locations":[{"start":{"line":134,"column":4},"end":{"line":136,"column":5}},{"start":{},"end":{}}],"line":134},"13":{"loc":{"start":{"line":134,"column":8},"end":{"line":134,"column":63}},"type":"binary-expr","locations":[{"start":{"line":134,"column":8},"end":{"line":134,"column":31}},{"start":{"line":134,"column":35},"end":{"line":134,"column":63}}],"line":134}},"s":{"0":1,"1":1,"2":2,"3":2,"4":2,"5":4,"6":2,"7":2,"8":2,"9":0,"10":2,"11":1,"12":0,"13":0,"14":0,"15":0,"16":0,"17":0,"18":1,"19":0,"20":0,"21":0,"22":0,"23":0,"24":0,"25":1,"26":0,"27":0,"28":0,"29":0,"30":0,"31":0,"32":0,"33":1,"34":0,"35":0,"36":0,"37":0,"38":0,"39":0,"40":0,"41":0,"42":0,"43":0,"44":0,"45":0,"46":0,"47":0,"48":0,"49":0,"50":1,"51":0,"52":0,"53":0,"54":0,"55":0,"56":0,"57":0,"58":1,"59":0,"60":0,"61":0,"62":0,"63":0,"64":0,"65":0,"66":0,"67":1,"68":1},"f":{"0":2,"1":4,"2":0,"3":0,"4":0,"5":0,"6":0,"7":0,"8":0},"b":{"0":[2,0],"1":[0,0],"2":[0,0],"3":[0,0],"4":[0,0],"5":[0,0],"6":[0,0],"7":[0,0],"8":[0,0],"9":[0,0],"10":[0,0],"11":[0,0],"12":[0,0],"13":[0,0]},"_coverageSchema":"1a1c01bbd47fc00a2c39e90264f33305004495a9","hash":"e60cebe4e54646116de4518c75ec1b8040f3ccf4"}
}
