TN:
SF:src/controllers/blogs.js
FN:3,(anonymous_0)
FN:15,(anonymous_1)
FN:34,(anonymous_2)
FN:48,(anonymous_3)
FN:64,(anonymous_4)
FN:83,(anonymous_5)
FN:92,(anonymous_6)
FN:114,(anonymous_7)
FN:130,(anonymous_8)
FNF:9
FNH:2
FNDA:2,(anonymous_0)
FNDA:4,(anonymous_1)
FNDA:0,(anonymous_2)
FNDA:0,(anonymous_3)
FNDA:0,(anonymous_4)
FNDA:0,(anonymous_5)
FNDA:0,(anonymous_6)
FNDA:0,(anonymous_7)
FNDA:0,(anonymous_8)
DA:1,1
DA:3,1
DA:4,2
DA:5,2
DA:7,2
DA:15,4
DA:17,2
DA:18,2
DA:20,2
DA:25,0
DA:30,2
DA:34,1
DA:35,0
DA:36,0
DA:37,0
DA:38,0
DA:43,0
DA:44,0
DA:48,1
DA:49,0
DA:51,0
DA:54,0
DA:55,0
DA:57,0
DA:60,0
DA:64,1
DA:65,0
DA:67,0
DA:68,0
DA:69,0
DA:71,0
DA:74,0
DA:79,0
DA:83,1
DA:84,0
DA:85,0
DA:86,0
DA:91,0
DA:92,0
DA:93,0
DA:94,0
DA:95,0
DA:99,0
DA:100,0
DA:101,0
DA:102,0
DA:105,0
DA:107,0
DA:110,0
DA:114,1
DA:115,0
DA:116,0
DA:117,0
DA:118,0
DA:119,0
DA:123,0
DA:126,0
DA:130,1
DA:131,0
DA:132,0
DA:133,0
DA:134,0
DA:135,0
DA:137,0
DA:142,0
DA:147,0
DA:152,1
DA:162,1
LF:68
LH:18
BRDA:10,0,0,2
BRDA:10,0,1,0
BRDA:54,1,0,0
BRDA:54,1,1,0
BRDA:68,2,0,0
BRDA:68,2,1,0
BRDA:68,3,0,0
BRDA:68,3,1,0
BRDA:91,4,0,0
BRDA:91,4,1,0
BRDA:93,5,0,0
BRDA:93,5,1,0
BRDA:94,6,0,0
BRDA:94,6,1,0
BRDA:95,7,0,0
BRDA:95,7,1,0
BRDA:98,8,0,0
BRDA:98,8,1,0
BRDA:99,9,0,0
BRDA:99,9,1,0
BRDA:100,10,0,0
BRDA:100,10,1,0
BRDA:118,11,0,0
BRDA:118,11,1,0
BRDA:134,12,0,0
BRDA:134,12,1,0
BRDA:134,13,0,0
BRDA:134,13,1,0
BRF:28
BRH:1
end_of_record
